[2020-06-30 10:34:28,622] - logger.py] - INFO: 【测试用例名称：事前申请单发起、撤回、复制、驳回、复制、作废】
[2020-06-30 10:34:28,622] - logger.py] - INFO: 新增事前申请单据，单据号：10474
[2020-06-30 10:34:28,841] - logger.py] - INFO: 撤销事前申请单据，单据号：10474
[2020-06-30 10:34:29,131] - logger.py] - INFO: 复制事前申请单，原单据号：10474，新单据号：10475
[2020-06-30 10:34:29,327] - logger.py] - INFO: 删除已撤销的单据，单据号：10474
[2020-06-30 10:34:29,434] - logger.py] - INFO: 通过gql查询到新单据号的审批id：11802
[2020-06-30 10:34:29,704] - logger.py] - INFO: 驳回事前申请单，单据号：10475
[2020-06-30 10:34:30,030] - logger.py] - INFO: 复制事前申请单，原单据号：10475，新单据号：10476
[2020-06-30 10:34:30,132] - logger.py] - INFO: 通过gql查询到最新单据号的审批id：11804
[2020-06-30 10:34:30,349] - logger.py] - INFO: 同意事前申请单，单据号：10476
[2020-06-30 10:34:30,531] - logger.py] - INFO: 作废事前申请单，单据号：10476
[2020-06-30 10:34:30,631] - logger.py] - INFO: 【检查事前单10476状态为9,确认已作废，用例执行通过】
[2020-06-30 10:34:30,924] - logger.py] - INFO: 【测试用例名称：事前申请单发起、通过、报销、核销、关闭】
[2020-06-30 10:34:30,925] - logger.py] - INFO: 新增事前申请单据，单据号：10477
[2020-06-30 10:34:31,036] - logger.py] - INFO: 通过gql查询到最新单据号的审批id：11806
[2020-06-30 10:34:31,430] - logger.py] - INFO: 检查事前单10477状态为4,确认已通过
[2020-06-30 10:34:31,862] - logger.py] - INFO: 新增报销单据：10210,关联事前申请单10477
[2020-06-30 10:34:31,967] - logger.py] - INFO: 通过gql查询到报销单的审批id：11808
[2020-06-30 10:34:32,577] - logger.py] - INFO: 同意报销单单，单据号：10210
[2020-06-30 10:34:32,684] - logger.py] - INFO: 通过gql查询到报销单明细id为：10219
[2020-06-30 10:34:33,425] - logger.py] - INFO: 【报销单10210报销金额100.0,核销金额100.0，关联事前单状态为已关闭】
[2020-06-30 10:34:33,617] - logger.py] - INFO: 【事前申请单发起、通过、采购、验收、报销、核销、关闭】
[2020-06-30 10:34:33,617] - logger.py] - INFO: 新增事前申请单据，单据号：10478
[2020-06-30 10:34:33,719] - logger.py] - INFO: 通过gql查询到最新单据号的审批id：11810
[2020-06-30 10:34:34,033] - logger.py] - INFO: 检查事前单10478状态为4,确认已通过
[2020-06-30 10:34:34,281] - logger.py] - INFO: 新增采购单单据号：51
[2020-06-30 10:34:34,646] - logger.py] - INFO: 检查采购单51状态为4,确认已通过
[2020-06-30 10:34:34,908] - logger.py] - INFO: 新增验收单据号：16
[2020-06-30 10:34:35,239] - logger.py] - INFO: 检查验收单51状态为4,确认已通过
[2020-06-30 10:34:35,628] - logger.py] - INFO: 新增报销单据：10211,关联事前申请单10478
[2020-06-30 10:34:36,441] - logger.py] - INFO: 【报销单10211报销金额100.0,核销金额100.0】
[2020-06-30 10:34:36,797] - logger.py] - INFO: 【报销单10211报销金额100.0,核销金额100.0，关联事前单状态为已关闭】
[2020-06-30 10:34:37,042] - logger.py] - INFO: 【事前申请单发起、通过、采购、合同、报销、核销、关闭】
[2020-06-30 10:34:37,042] - logger.py] - INFO: 新增事前申请单据，单据号：10479
[2020-06-30 10:34:37,141] - logger.py] - INFO: 通过gql查询到最新单据号的审批id：11818
[2020-06-30 10:34:37,449] - logger.py] - INFO: 检查事前单10479状态为4,确认已通过
[2020-06-30 10:34:37,648] - logger.py] - INFO: 新增采购单单据号：52
[2020-06-30 10:34:38,033] - logger.py] - INFO: 检查采购单52状态为4,确认已通过
[2020-06-30 10:34:38,317] - logger.py] - INFO: 新增合同单据号：10048
[2020-06-30 10:34:38,812] - logger.py] - INFO: 检查合同单10048状态为4,确认已通过
[2020-06-30 10:34:39,372] - logger.py] - INFO: 新增报销单据：10212,关联事前申请单10479
[2020-06-30 10:34:40,266] - logger.py] - INFO: 【报销单10212报销金额100.0,核销金额100.0】
[2020-06-30 10:34:40,625] - logger.py] - INFO: 【报销单10212报销金额100.0,核销金额100.0，关联事前单状态为已关闭】
[2020-06-30 10:34:40,626] - logger.py] - INFO: 【无申请报销单发起、撤销、复制、通过、核销】
[2020-06-30 10:34:41,004] - logger.py] - INFO: 新增无申请报销单10213，状态为2
[2020-06-30 10:34:41,351] - logger.py] - INFO: 撤销报销单10213，状态为5
[2020-06-30 10:34:41,728] - logger.py] - INFO: 复制10213，新单据为10214，状态为2
[2020-06-30 10:34:42,600] - logger.py] - INFO: 【报销单10214报销金额100.0,核销金额100.0】
[2020-06-30 10:34:42,601] - logger.py] - INFO: 【无申请报销申请单发起、通过、作废、删除】
[2020-06-30 10:34:43,006] - logger.py] - INFO: 新增无申请报销单10215，状态为2
[2020-06-30 10:34:43,573] - logger.py] - INFO: 作废报销单10215，状态为9
[2020-06-30 10:34:43,816] - logger.py] - INFO: 【删除单据10215成功】
[2020-06-30 17:35:18,813] - logger.py] - INFO: 【测试用例名称：事前申请单发起、通过、报销、核销、关闭】
[2020-06-30 17:35:18,834] - logger.py] - INFO: 新增事前申请单据，单据号：
[2020-06-30 17:35:19,068] - logger.py] - INFO: 【事前申请单发起、通过、采购、验收、报销、核销、关闭】
[2020-06-30 17:35:19,069] - logger.py] - INFO: 新增事前申请单据，单据号：
[2020-06-30 17:35:19,288] - logger.py] - INFO: 【事前申请单发起、通过、采购、合同、报销、核销、关闭】
[2020-06-30 17:35:19,290] - logger.py] - INFO: 新增事前申请单据，单据号：
[2020-06-30 17:35:19,401] - logger.py] - INFO: 【无申请报销单发起、撤销、复制、通过、核销】
[2020-06-30 17:35:19,603] - logger.py] - INFO: 【无申请报销申请单发起、通过、作废、删除】
